Starting CLV sweep: Mon Jul 20 16:00:09 UTC 2026
Running pythongpu-clv --m 30 with coupling=0.05 at Mon Jul 20 16:00:11 UTC 2026
[dti]      loaded data/DTI-og.mat  raw shape=(83, 83)  n=83
[dti]      n=83 nodes  850 edges  max_weight=1.0000
Running forward integration + CLV reconstruction + topology...

=== Topological summary [DTI connectome, coupling=0.05] ===
  leading exponents : [0.4752 0.4325 0.397  0.3544 0.3475]
  positive exponents: 30 / 30 computed  ->  chaotic
  Kaplan–Yorke dim  : >= 30 (CEILING — running exponent sum still positive at all 30 computed CLVs; rerun with larger --m to resolve D_KY)
  riddling verdict  : RIDDLED  (burst_fraction=0.750, centroid_sep=0.284 rad)
Saved topological summary to output/clv_results/clv_c0_05/clv_topology_summary.json
Completed coupling=0.05
Running pythongpu-clv --m 30 with coupling=0.10 at Mon Jul 20 16:00:42 UTC 2026
[dti]      loaded data/DTI-og.mat  raw shape=(83, 83)  n=83
[dti]      n=83 nodes  850 edges  max_weight=1.0000
Running forward integration + CLV reconstruction + topology...

=== Topological summary [DTI connectome, coupling=0.1] ===
  leading exponents : [0.5258 0.4668 0.4642 0.46   0.4549]
  positive exponents: 30 / 30 computed  ->  chaotic
  Kaplan–Yorke dim  : >= 30 (CEILING — running exponent sum still positive at all 30 computed CLVs; rerun with larger --m to resolve D_KY)
  riddling verdict  : RIDDLED  (burst_fraction=0.110, centroid_sep=0.303 rad)
Saved topological summary to output/clv_results/clv_c0_10/clv_topology_summary.json
Completed coupling=0.10
Running pythongpu-clv --m 30 with coupling=0.15 at Mon Jul 20 16:00:51 UTC 2026
[dti]      loaded data/DTI-og.mat  raw shape=(83, 83)  n=83
[dti]      n=83 nodes  850 edges  max_weight=1.0000
Running forward integration + CLV reconstruction + topology...

=== Topological summary [DTI connectome, coupling=0.15] ===
  leading exponents : [0.5999 0.4366 0.4307 0.3955 0.3842]
  positive exponents: 26 / 30 computed  ->  chaotic
  Kaplan–Yorke dim  : >= 30 (CEILING — running exponent sum still positive at all 30 computed CLVs; rerun with larger --m to resolve D_KY)
  riddling verdict  : RIDDLED  (burst_fraction=0.490, centroid_sep=0.296 rad)
Saved topological summary to output/clv_results/clv_c0_15/clv_topology_summary.json
Completed coupling=0.15
Running pythongpu-clv --m 30 with coupling=0.20 at Mon Jul 20 16:00:59 UTC 2026
[dti]      loaded data/DTI-og.mat  raw shape=(83, 83)  n=83
[dti]      n=83 nodes  850 edges  max_weight=1.0000
Running forward integration + CLV reconstruction + topology...

=== Topological summary [DTI connectome, coupling=0.2] ===
  leading exponents : [0.4231 0.2562 0.2007 0.1969 0.1624]
  positive exponents: 14 / 30 computed  ->  chaotic
  Kaplan–Yorke dim  : >= 30 (CEILING — running exponent sum still positive at all 30 computed CLVs; rerun with larger --m to resolve D_KY)
  riddling verdict  : RIDDLED  (burst_fraction=0.390, centroid_sep=0.357 rad)
Saved topological summary to output/clv_results/clv_c0_20/clv_topology_summary.json
Completed coupling=0.20
CLV sweep finished: Mon Jul 20 16:01:07 UTC 2026
