Starting CLV sweep: Thu Jul 16 20:43:52 UTC 2026
pythongpu-clv not found on PATH. Attempting to install editable package into venv...
Defaulting to user installation because normal site-packages is not writeable
Obtaining file:///mnt/home/atotilca/pythongpu
  Installing build dependencies: started
  Installing build dependencies: finished with status 'done'
  Checking if build backend supports build_editable: started
  Checking if build backend supports build_editable: finished with status 'done'
  Getting requirements to build editable: started
  Getting requirements to build editable: finished with status 'done'
  Preparing editable metadata (pyproject.toml): started
  Preparing editable metadata (pyproject.toml): finished with status 'done'
Requirement already satisfied: scikit-learn in /mnt/home/atotilca/.local/lib/python3.10/site-packages (from pythongpu==0.1.0) (1.7.2)
Requirement already satisfied: scipy in /mnt/home/atotilca/.local/lib/python3.10/site-packages (from pythongpu==0.1.0) (1.15.3)
Requirement already satisfied: numpy in /mnt/home/atotilca/.local/lib/python3.10/site-packages (from pythongpu==0.1.0) (2.2.6)
Requirement already satisfied: networkx in /mnt/home/atotilca/.local/lib/python3.10/site-packages (from pythongpu==0.1.0) (3.4.2)
Requirement already satisfied: pandas in /mnt/home/atotilca/.local/lib/python3.10/site-packages (from pythongpu==0.1.0) (2.3.3)
Requirement already satisfied: matplotlib in /mnt/home/atotilca/.local/lib/python3.10/site-packages (from pythongpu==0.1.0) (3.10.9)
Requirement already satisfied: torch in /mnt/home/atotilca/.local/lib/python3.10/site-packages (from pythongpu==0.1.0) (2.6.0)
Requirement already satisfied: contourpy>=1.0.1 in /mnt/home/atotilca/.local/lib/python3.10/site-packages (from matplotlib->pythongpu==0.1.0) (1.3.2)
Requirement already satisfied: cycler>=0.10 in /mnt/home/atotilca/.local/lib/python3.10/site-packages (from matplotlib->pythongpu==0.1.0) (0.12.1)
Requirement already satisfied: python-dateutil>=2.7 in /mnt/data/EasyBuild-Intel/software/Python/3.10.4-GCCcore-11.3.0/lib/python3.10/site-packages (from matplotlib->pythongpu==0.1.0) (2.8.2)
Requirement already satisfied: packaging>=20.0 in /mnt/home/atotilca/.local/lib/python3.10/site-packages (from matplotlib->pythongpu==0.1.0) (26.2)
Requirement already satisfied: fonttools>=4.22.0 in /mnt/home/atotilca/.local/lib/python3.10/site-packages (from matplotlib->pythongpu==0.1.0) (4.63.0)
Requirement already satisfied: pyparsing>=3 in /mnt/data/EasyBuild-Intel/software/Python/3.10.4-GCCcore-11.3.0/lib/python3.10/site-packages (from matplotlib->pythongpu==0.1.0) (3.0.8)
Requirement already satisfied: pillow>=8 in /mnt/home/atotilca/.local/lib/python3.10/site-packages (from matplotlib->pythongpu==0.1.0) (12.3.0)
Requirement already satisfied: kiwisolver>=1.3.1 in /mnt/home/atotilca/.local/lib/python3.10/site-packages (from matplotlib->pythongpu==0.1.0) (1.5.0)
Requirement already satisfied: tzdata>=2022.7 in /mnt/home/atotilca/.local/lib/python3.10/site-packages (from pandas->pythongpu==0.1.0) (2026.2)
Requirement already satisfied: pytz>=2020.1 in /mnt/data/EasyBuild-Intel/software/Python/3.10.4-GCCcore-11.3.0/lib/python3.10/site-packages (from pandas->pythongpu==0.1.0) (2022.1)
Requirement already satisfied: threadpoolctl>=3.1.0 in /mnt/data/EasyBuild-Intel/software/Python/3.10.4-GCCcore-11.3.0/lib/python3.10/site-packages (from scikit-learn->pythongpu==0.1.0) (3.1.0)
Requirement already satisfied: joblib>=1.2.0 in /mnt/home/atotilca/.local/lib/python3.10/site-packages (from scikit-learn->pythongpu==0.1.0) (1.5.3)
Requirement already satisfied: nvidia-cusparse-cu12==12.3.1.170 in /mnt/home/atotilca/.local/lib/python3.10/site-packages (from torch->pythongpu==0.1.0) (12.3.1.170)
Requirement already satisfied: jinja2 in /mnt/home/atotilca/.local/lib/python3.10/site-packages (from torch->pythongpu==0.1.0) (3.1.6)
Requirement already satisfied: nvidia-cuda-cupti-cu12==12.4.127 in /mnt/home/atotilca/.local/lib/python3.10/site-packages (from torch->pythongpu==0.1.0) (12.4.127)
Requirement already satisfied: nvidia-nvtx-cu12==12.4.127 in /mnt/home/atotilca/.local/lib/python3.10/site-packages (from torch->pythongpu==0.1.0) (12.4.127)
Requirement already satisfied: nvidia-cuda-nvrtc-cu12==12.4.127 in /mnt/home/atotilca/.local/lib/python3.10/site-packages (from torch->pythongpu==0.1.0) (12.4.127)
Requirement already satisfied: sympy==1.13.1 in /mnt/home/atotilca/.local/lib/python3.10/site-packages (from torch->pythongpu==0.1.0) (1.13.1)
Requirement already satisfied: nvidia-cusparselt-cu12==0.6.2 in /mnt/home/atotilca/.local/lib/python3.10/site-packages (from torch->pythongpu==0.1.0) (0.6.2)
Requirement already satisfied: typing-extensions>=4.10.0 in /mnt/home/atotilca/.local/lib/python3.10/site-packages (from torch->pythongpu==0.1.0) (4.16.0)
Requirement already satisfied: nvidia-nccl-cu12==2.21.5 in /mnt/home/atotilca/.local/lib/python3.10/site-packages (from torch->pythongpu==0.1.0) (2.21.5)
Requirement already satisfied: nvidia-cudnn-cu12==9.1.0.70 in /mnt/home/atotilca/.local/lib/python3.10/site-packages (from torch->pythongpu==0.1.0) (9.1.0.70)
Requirement already satisfied: fsspec in /mnt/data/EasyBuild-Intel/software/Python/3.10.4-GCCcore-11.3.0/lib/python3.10/site-packages (from torch->pythongpu==0.1.0) (2022.3.0)
Requirement already satisfied: nvidia-cublas-cu12==12.4.5.8 in /mnt/home/atotilca/.local/lib/python3.10/site-packages (from torch->pythongpu==0.1.0) (12.4.5.8)
Requirement already satisfied: nvidia-cusolver-cu12==11.6.1.9 in /mnt/home/atotilca/.local/lib/python3.10/site-packages (from torch->pythongpu==0.1.0) (11.6.1.9)
Requirement already satisfied: nvidia-cufft-cu12==11.2.1.3 in /mnt/home/atotilca/.local/lib/python3.10/site-packages (from torch->pythongpu==0.1.0) (11.2.1.3)
Requirement already satisfied: nvidia-curand-cu12==10.3.5.147 in /mnt/home/atotilca/.local/lib/python3.10/site-packages (from torch->pythongpu==0.1.0) (10.3.5.147)
Requirement already satisfied: nvidia-nvjitlink-cu12==12.4.127 in /mnt/home/atotilca/.local/lib/python3.10/site-packages (from torch->pythongpu==0.1.0) (12.4.127)
Requirement already satisfied: triton==3.2.0 in /mnt/home/atotilca/.local/lib/python3.10/site-packages (from torch->pythongpu==0.1.0) (3.2.0)
Requirement already satisfied: filelock in /mnt/data/EasyBuild-Intel/software/Python/3.10.4-GCCcore-11.3.0/lib/python3.10/site-packages (from torch->pythongpu==0.1.0) (3.6.0)
Requirement already satisfied: nvidia-cuda-runtime-cu12==12.4.127 in /mnt/home/atotilca/.local/lib/python3.10/site-packages (from torch->pythongpu==0.1.0) (12.4.127)
Requirement already satisfied: mpmath<1.4,>=1.1.0 in /mnt/home/atotilca/.local/lib/python3.10/site-packages (from sympy==1.13.1->torch->pythongpu==0.1.0) (1.3.0)
Requirement already satisfied: six>=1.5 in /mnt/data/EasyBuild-Intel/software/Python/3.10.4-GCCcore-11.3.0/lib/python3.10/site-packages (from python-dateutil>=2.7->matplotlib->pythongpu==0.1.0) (1.16.0)
Requirement already satisfied: MarkupSafe>=2.0 in /mnt/data/EasyBuild-Intel/software/Python/3.10.4-GCCcore-11.3.0/lib/python3.10/site-packages (from jinja2->torch->pythongpu==0.1.0) (2.1.1)
Building wheels for collected packages: pythongpu
  Building editable for pythongpu (pyproject.toml): started
  Building editable for pythongpu (pyproject.toml): finished with status 'done'
  Created wheel for pythongpu: filename=pythongpu-0.1.0-0.editable-py3-none-any.whl size=5289 sha256=2a09d6e69ba633cefdd5665579ef8cd1c383c4e81a12e77adaa07df0fe9162d1
  Stored in directory: /tmp/pip-ephem-wheel-cache-yrkbyzsj/wheels/73/17/93/5540d293fbe9314ccec352ca151b653661da27cd296842ef98
Successfully built pythongpu
Installing collected packages: pythongpu
Successfully installed pythongpu-0.1.0
WARNING: You are using pip version 22.0.4; however, version 26.1.2 is available.
You should consider upgrading via the '/mnt/data/EasyBuild-Intel/software/Python/3.10.4-GCCcore-11.3.0/bin/python3 -m pip install --upgrade pip' command.
Running pythongpu-clv with coupling=0.05 at Thu Jul 16 20:44:04 UTC 2026
Traceback (most recent call last):
  File "/mnt/home/atotilca/.local/lib/python3.10/site-packages/scipy/io/matlab/_mio.py", line 39, in _open_file
    return open(file_like, mode), True
FileNotFoundError: [Errno 2] No such file or directory: 'data/DTI-og.mat'

During handling of the above exception, another exception occurred:

Traceback (most recent call last):
  File "/mnt/home/atotilca/.local/bin/pythongpu-clv", line 8, in <module>
    sys.exit(main())
  File "/mnt/home/atotilca/pythongpu/pythongpu/pipeline/clv_cli.py", line 30, in main
    L, N = load_dti_laplacian(args.mat, device=device)
  File "/mnt/home/atotilca/pythongpu/pythongpu/networks/static_adjacency.py", line 53, in load_dti_laplacian
    mat = loadmat(mat_path)
  File "/mnt/home/atotilca/.local/lib/python3.10/site-packages/scipy/io/matlab/_mio.py", line 233, in loadmat
    with _open_file_context(file_name, appendmat) as f:
  File "/mnt/data/EasyBuild-Intel/software/Python/3.10.4-GCCcore-11.3.0/lib/python3.10/contextlib.py", line 135, in __enter__
    return next(self.gen)
  File "/mnt/home/atotilca/.local/lib/python3.10/site-packages/scipy/io/matlab/_mio.py", line 17, in _open_file_context
    f, opened = _open_file(file_like, appendmat, mode)
  File "/mnt/home/atotilca/.local/lib/python3.10/site-packages/scipy/io/matlab/_mio.py", line 45, in _open_file
    return open(file_like, mode), True
FileNotFoundError: [Errno 2] No such file or directory: 'data/DTI-og.mat'
pythongpu-clv failed for coupling=0.05. Continuing to next value.
Running pythongpu-clv with coupling=0.10 at Thu Jul 16 20:44:19 UTC 2026
Traceback (most recent call last):
  File "/mnt/home/atotilca/.local/lib/python3.10/site-packages/scipy/io/matlab/_mio.py", line 39, in _open_file
    return open(file_like, mode), True
FileNotFoundError: [Errno 2] No such file or directory: 'data/DTI-og.mat'

During handling of the above exception, another exception occurred:

Traceback (most recent call last):
  File "/mnt/home/atotilca/.local/bin/pythongpu-clv", line 8, in <module>
    sys.exit(main())
  File "/mnt/home/atotilca/pythongpu/pythongpu/pipeline/clv_cli.py", line 30, in main
    L, N = load_dti_laplacian(args.mat, device=device)
  File "/mnt/home/atotilca/pythongpu/pythongpu/networks/static_adjacency.py", line 53, in load_dti_laplacian
    mat = loadmat(mat_path)
  File "/mnt/home/atotilca/.local/lib/python3.10/site-packages/scipy/io/matlab/_mio.py", line 233, in loadmat
    with _open_file_context(file_name, appendmat) as f:
  File "/mnt/data/EasyBuild-Intel/software/Python/3.10.4-GCCcore-11.3.0/lib/python3.10/contextlib.py", line 135, in __enter__
    return next(self.gen)
  File "/mnt/home/atotilca/.local/lib/python3.10/site-packages/scipy/io/matlab/_mio.py", line 17, in _open_file_context
    f, opened = _open_file(file_like, appendmat, mode)
  File "/mnt/home/atotilca/.local/lib/python3.10/site-packages/scipy/io/matlab/_mio.py", line 45, in _open_file
    return open(file_like, mode), True
FileNotFoundError: [Errno 2] No such file or directory: 'data/DTI-og.mat'
pythongpu-clv failed for coupling=0.10. Continuing to next value.
Running pythongpu-clv with coupling=0.15 at Thu Jul 16 20:44:22 UTC 2026
Traceback (most recent call last):
  File "/mnt/home/atotilca/.local/lib/python3.10/site-packages/scipy/io/matlab/_mio.py", line 39, in _open_file
    return open(file_like, mode), True
FileNotFoundError: [Errno 2] No such file or directory: 'data/DTI-og.mat'

During handling of the above exception, another exception occurred:

Traceback (most recent call last):
  File "/mnt/home/atotilca/.local/bin/pythongpu-clv", line 8, in <module>
    sys.exit(main())
  File "/mnt/home/atotilca/pythongpu/pythongpu/pipeline/clv_cli.py", line 30, in main
    L, N = load_dti_laplacian(args.mat, device=device)
  File "/mnt/home/atotilca/pythongpu/pythongpu/networks/static_adjacency.py", line 53, in load_dti_laplacian
    mat = loadmat(mat_path)
  File "/mnt/home/atotilca/.local/lib/python3.10/site-packages/scipy/io/matlab/_mio.py", line 233, in loadmat
    with _open_file_context(file_name, appendmat) as f:
  File "/mnt/data/EasyBuild-Intel/software/Python/3.10.4-GCCcore-11.3.0/lib/python3.10/contextlib.py", line 135, in __enter__
    return next(self.gen)
  File "/mnt/home/atotilca/.local/lib/python3.10/site-packages/scipy/io/matlab/_mio.py", line 17, in _open_file_context
    f, opened = _open_file(file_like, appendmat, mode)
  File "/mnt/home/atotilca/.local/lib/python3.10/site-packages/scipy/io/matlab/_mio.py", line 45, in _open_file
    return open(file_like, mode), True
FileNotFoundError: [Errno 2] No such file or directory: 'data/DTI-og.mat'
pythongpu-clv failed for coupling=0.15. Continuing to next value.
Running pythongpu-clv with coupling=0.20 at Thu Jul 16 20:44:24 UTC 2026
Traceback (most recent call last):
  File "/mnt/home/atotilca/.local/lib/python3.10/site-packages/scipy/io/matlab/_mio.py", line 39, in _open_file
    return open(file_like, mode), True
FileNotFoundError: [Errno 2] No such file or directory: 'data/DTI-og.mat'

During handling of the above exception, another exception occurred:

Traceback (most recent call last):
  File "/mnt/home/atotilca/.local/bin/pythongpu-clv", line 8, in <module>
    sys.exit(main())
  File "/mnt/home/atotilca/pythongpu/pythongpu/pipeline/clv_cli.py", line 30, in main
    L, N = load_dti_laplacian(args.mat, device=device)
  File "/mnt/home/atotilca/pythongpu/pythongpu/networks/static_adjacency.py", line 53, in load_dti_laplacian
    mat = loadmat(mat_path)
  File "/mnt/home/atotilca/.local/lib/python3.10/site-packages/scipy/io/matlab/_mio.py", line 233, in loadmat
    with _open_file_context(file_name, appendmat) as f:
  File "/mnt/data/EasyBuild-Intel/software/Python/3.10.4-GCCcore-11.3.0/lib/python3.10/contextlib.py", line 135, in __enter__
    return next(self.gen)
  File "/mnt/home/atotilca/.local/lib/python3.10/site-packages/scipy/io/matlab/_mio.py", line 17, in _open_file_context
    f, opened = _open_file(file_like, appendmat, mode)
  File "/mnt/home/atotilca/.local/lib/python3.10/site-packages/scipy/io/matlab/_mio.py", line 45, in _open_file
    return open(file_like, mode), True
FileNotFoundError: [Errno 2] No such file or directory: 'data/DTI-og.mat'
pythongpu-clv failed for coupling=0.20. Continuing to next value.
CLV sweep finished: Thu Jul 16 20:44:25 UTC 2026
